# JRE version: OpenJDK Runtime Environment Temurin-21.0.10+7 (21.0.10+7) (build 21.0.10+7-LTS)
# Java VM: OpenJDK 64-Bit Server VM Temurin-21.0.10+7 (21.0.10+7-LTS, mixed mode, sharing, tiered, compressed oops, compressed class ptrs, parallel gc, windows-amd64)
GC Precious Log:
 CardTable entry size: 512
 CPUs: 8 total, 8 available
 Memory: 24369M
 Large Page Support: Disabled
 NUMA Support: Disabled
 Compressed Oops: Enabled (32-bit)
 Alignments: Space 512K, Generation 512K, Heap 2M
 Heap Min Capacity: 100M
 Heap Initial Capacity: 100M
 Heap Max Capacity: 2G
 Pre-touch: Disabled
 Parallel Workers: 8
Heap:
 PSYoungGen      total 7680K, used 3361K [0x00000000d5580000, 0x00000000d5f80000, 0x0000000100000000)
  eden space 4608K, 25% used [0x00000000d5580000,0x00000000d56a88c0,0x00000000d5a00000)
  from space 3072K, 70% used [0x00000000d5c80000,0x00000000d5e9ff20,0x00000000d5f80000)
  to   space 2560K, 0% used [0x00000000d5a00000,0x00000000d5a00000,0x00000000d5c80000)
 ParOldGen       total 1285632K, used 1285346K [0x0000000080000000, 0x00000000ce780000, 0x00000000d5580000)
  object space 1285632K, 99% used [0x0000000080000000,0x00000000ce738868,0x00000000ce780000)
 Metaspace       used 83723K, committed 85312K, reserved 1179648K
  class space    used 8170K, committed 8960K, reserved 1048576K
GC Heap History (20 events):
Event: 8901.167 GC heap before
{Heap before GC invocations=5122 (full 6):
 PSYoungGen      total 5632K, used 5376K [0x00000000d5580000, 0x00000000d5d80000, 0x0000000100000000)
  eden space 3072K, 100% used [0x00000000d5580000,0x00000000d5880000,0x00000000d5880000)
  from space 2560K, 90% used [0x00000000d5b00000,0x00000000d5d40000,0x00000000d5d80000)
  to   space 2560K, 0% used [0x00000000d5880000,0x00000000d5880000,0x00000000d5b00000)
 ParOldGen       total 1262592K, used 1262345K [0x0000000080000000, 0x00000000cd100000, 0x00000000d5580000)
  object space 1262592K, 99% used [0x0000000080000000,0x00000000cd0c26f8,0x00000000cd100000)
 Metaspace       used 83717K, committed 85312K, reserved 1179648K
  class space    used 8170K, committed 8960K, reserved 1048576K
}
Event: 8901.172 GC heap after
{Heap after GC invocations=5122 (full 6):
 PSYoungGen      total 5632K, used 1930K [0x00000000d5580000, 0x00000000d5e80000, 0x0000000100000000)
  eden space 3072K, 0% used [0x00000000d5580000,0x00000000d5580000,0x00000000d5880000)
  from space 2560K, 75% used [0x00000000d5880000,0x00000000d5a62800,0x00000000d5b00000)
  to   space 2560K, 0% used [0x00000000d5c00000,0x00000000d5c00000,0x00000000d5e80000)
 ParOldGen       total 1264640K, used 1264553K [0x0000000080000000, 0x00000000cd300000, 0x00000000d5580000)
  object space 1264640K, 99% used [0x0000000080000000,0x00000000cd2ea6f8,0x00000000cd300000)
 Metaspace       used 83717K, committed 85312K, reserved 1179648K
  class space    used 8170K, committed 8960K, reserved 1048576K
}
Event: 8901.195 GC heap before
{Heap before GC invocations=5123 (full 6):
 PSYoungGen      total 5632K, used 5002K [0x00000000d5580000, 0x00000000d5e80000, 0x0000000100000000)
  eden space 3072K, 100% used [0x00000000d5580000,0x00000000d5880000,0x00000000d5880000)
  from space 2560K, 75% used [0x00000000d5880000,0x00000000d5a62800,0x00000000d5b00000)
  to   space 2560K, 0% used [0x00000000d5c00000,0x00000000d5c00000,0x00000000d5e80000)
 ParOldGen       total 1264640K, used 1264553K [0x0000000080000000, 0x00000000cd300000, 0x00000000d5580000)
  object space 1264640K, 99% used [0x0000000080000000,0x00000000cd2ea6f8,0x00000000cd300000)
 Metaspace       used 83718K, committed 85312K, reserved 1179648K
  class space    used 8170K, committed 8960K, reserved 1048576K
}
Event: 8901.200 GC heap after
{Heap after GC invocations=5123 (full 6):
 PSYoungGen      total 4096K, used 2558K [0x00000000d5580000, 0x00000000d6380000, 0x0000000100000000)
  eden space 1536K, 0% used [0x00000000d5580000,0x00000000d5580000,0x00000000d5700000)
  from space 2560K, 99% used [0x00000000d5c00000,0x00000000d5e7f800,0x00000000d5e80000)
  to   space 5120K, 0% used [0x00000000d5700000,0x00000000d5700000,0x00000000d5c00000)
 ParOldGen       total 1266688K, used 1266451K [0x0000000080000000, 0x00000000cd500000, 0x00000000d5580000)
  object space 1266688K, 99% used [0x0000000080000000,0x00000000cd4c4ef8,0x00000000cd500000)
 Metaspace       used 83718K, committed 85312K, reserved 1179648K
  class space    used 8170K, committed 8960K, reserved 1048576K
}
Event: 8901.215 GC heap before
{Heap before GC invocations=5124 (full 6):
 PSYoungGen      total 4096K, used 4094K [0x00000000d5580000, 0x00000000d6380000, 0x0000000100000000)
  eden space 1536K, 100% used [0x00000000d5580000,0x00000000d5700000,0x00000000d5700000)
  from space 2560K, 99% used [0x00000000d5c00000,0x00000000d5e7f800,0x00000000d5e80000)
  to   space 5120K, 0% used [0x00000000d5700000,0x00000000d5700000,0x00000000d5c00000)
 ParOldGen       total 1266688K, used 1266451K [0x0000000080000000, 0x00000000cd500000, 0x00000000d5580000)
  object space 1266688K, 99% used [0x0000000080000000,0x00000000cd4c4ef8,0x00000000cd500000)
 Metaspace       used 83718K, committed 85312K, reserved 1179648K
  class space    used 8170K, committed 8960K, reserved 1048576K
}
Event: 8901.220 GC heap after
{Heap after GC invocations=5124 (full 6):
 PSYoungGen      total 2560K, used 832K [0x00000000d5580000, 0x00000000d5c80000, 0x0000000100000000)
  eden space 1536K, 0% used [0x00000000d5580000,0x00000000d5580000,0x00000000d5700000)
  from space 1024K, 81% used [0x00000000d5700000,0x00000000d57d0000,0x00000000d5800000)
  to   space 2560K, 0% used [0x00000000d5a00000,0x00000000d5a00000,0x00000000d5c80000)
 ParOldGen       total 1269760K, used 1269699K [0x0000000080000000, 0x00000000cd800000, 0x00000000d5580000)
  object space 1269760K, 99% used [0x0000000080000000,0x00000000cd7f0ef8,0x00000000cd800000)
 Metaspace       used 83718K, committed 85312K, reserved 1179648K
  class space    used 8170K, committed 8960K, reserved 1048576K
}
Event: 8901.374 GC heap before
{Heap before GC invocations=5125 (full 6):
 PSYoungGen      total 2560K, used 2150K [0x00000000d5580000, 0x00000000d5c80000, 0x0000000100000000)
  eden space 1536K, 85% used [0x00000000d5580000,0x00000000d56c9a78,0x00000000d5700000)
  from space 1024K, 81% used [0x00000000d5700000,0x00000000d57d0000,0x00000000d5800000)
  to   space 2560K, 0% used [0x00000000d5a00000,0x00000000d5a00000,0x00000000d5c80000)
 ParOldGen       total 1272832K, used 1272555K [0x0000000080000000, 0x00000000cdb00000, 0x00000000d5580000)
  object space 1272832K, 99% used [0x0000000080000000,0x00000000cdabaef8,0x00000000cdb00000)
 Metaspace       used 83718K, committed 85312K, reserved 1179648K
  class space    used 8170K, committed 8960K, reserved 1048576K
}
Event: 8901.379 GC heap after
{Heap after GC invocations=5125 (full 6):
 PSYoungGen      total 3072K, used 1239K [0x00000000d5580000, 0x00000000d5b80000, 0x0000000100000000)
  eden space 1536K, 0% used [0x00000000d5580000,0x00000000d5580000,0x00000000d5700000)
  from space 1536K, 80% used [0x00000000d5a00000,0x00000000d5b35cb8,0x00000000d5b80000)
  to   space 1536K, 0% used [0x00000000d5880000,0x00000000d5880000,0x00000000d5a00000)
 ParOldGen       total 1273344K, used 1273267K [0x0000000080000000, 0x00000000cdb80000, 0x00000000d5580000)
  object space 1273344K, 99% used [0x0000000080000000,0x00000000cdb6cef8,0x00000000cdb80000)
 Metaspace       used 83718K, committed 85312K, reserved 1179648K
  class space    used 8170K, committed 8960K, reserved 1048576K
}
Event: 8901.383 GC heap before
{Heap before GC invocations=5126 (full 6):
 PSYoungGen      total 3072K, used 2775K [0x00000000d5580000, 0x00000000d5b80000, 0x0000000100000000)
  eden space 1536K, 100% used [0x00000000d5580000,0x00000000d5700000,0x00000000d5700000)
  from space 1536K, 80% used [0x00000000d5a00000,0x00000000d5b35cb8,0x00000000d5b80000)
  to   space 1536K, 0% used [0x00000000d5880000,0x00000000d5880000,0x00000000d5a00000)
 ParOldGen       total 1273344K, used 1273267K [0x0000000080000000, 0x00000000cdb80000, 0x00000000d5580000)
  object space 1273344K, 99% used [0x0000000080000000,0x00000000cdb6cef8,0x00000000cdb80000)
 Metaspace       used 83718K, committed 85312K, reserved 1179648K
  class space    used 8170K, committed 8960K, reserved 1048576K
}
Event: 8901.388 GC heap after
{Heap after GC invocations=5126 (full 6):
 PSYoungGen      total 3584K, used 1527K [0x00000000d5580000, 0x00000000d5d80000, 0x0000000100000000)
  eden space 2048K, 0% used [0x00000000d5580000,0x00000000d5580000,0x00000000d5780000)
  from space 1536K, 99% used [0x00000000d5880000,0x00000000d59fdcb8,0x00000000d5a00000)
  to   space 3072K, 0% used [0x00000000d5a80000,0x00000000d5a80000,0x00000000d5d80000)
 ParOldGen       total 1274880K, used 1274386K [0x0000000080000000, 0x00000000cdd00000, 0x00000000d5580000)
  object space 1274880K, 99% used [0x0000000080000000,0x00000000cdc84bb0,0x00000000cdd00000)
 Metaspace       used 83718K, committed 85312K, reserved 1179648K
  class space    used 8170K, committed 8960K, reserved 1048576K
}
Event: 8901.392 GC heap before
{Heap before GC invocations=5127 (full 6):
 PSYoungGen      total 3584K, used 3575K [0x00000000d5580000, 0x00000000d5d80000, 0x0000000100000000)
  eden space 2048K, 100% used [0x00000000d5580000,0x00000000d5780000,0x00000000d5780000)
  from space 1536K, 99% used [0x00000000d5880000,0x00000000d59fdcb8,0x00000000d5a00000)
  to   space 3072K, 0% used [0x00000000d5a80000,0x00000000d5a80000,0x00000000d5d80000)
 ParOldGen       total 1274880K, used 1274386K [0x0000000080000000, 0x00000000cdd00000, 0x00000000d5580000)
  object space 1274880K, 99% used [0x0000000080000000,0x00000000cdc84bb0,0x00000000cdd00000)
 Metaspace       used 83718K, committed 85312K, reserved 1179648K
  class space    used 8170K, committed 8960K, reserved 1048576K
}
Event: 8901.395 GC heap after
{Heap after GC invocations=5127 (full 6):
 PSYoungGen      total 5120K, used 2112K [0x00000000d5580000, 0x00000000d5d00000, 0x0000000100000000)
  eden space 2560K, 0% used [0x00000000d5580000,0x00000000d5580000,0x00000000d5800000)
  from space 2560K, 82% used [0x00000000d5a80000,0x00000000d5c90000,0x00000000d5d00000)
  to   space 2560K, 0% used [0x00000000d5800000,0x00000000d5800000,0x00000000d5a80000)
 ParOldGen       total 1276416K, used 1275930K [0x0000000080000000, 0x00000000cde80000, 0x00000000d5580000)
  object space 1276416K, 99% used [0x0000000080000000,0x00000000cde06868,0x00000000cde80000)
 Metaspace       used 83718K, committed 85312K, reserved 1179648K
  class space    used 8170K, committed 8960K, reserved 1048576K
}
Event: 8901.403 GC heap before
{Heap before GC invocations=5128 (full 6):
 PSYoungGen      total 5120K, used 4672K [0x00000000d5580000, 0x00000000d5d00000, 0x0000000100000000)
  eden space 2560K, 100% used [0x00000000d5580000,0x00000000d5800000,0x00000000d5800000)
  from space 2560K, 82% used [0x00000000d5a80000,0x00000000d5c90000,0x00000000d5d00000)
  to   space 2560K, 0% used [0x00000000d5800000,0x00000000d5800000,0x00000000d5a80000)
 ParOldGen       total 1276416K, used 1275930K [0x0000000080000000, 0x00000000cde80000, 0x00000000d5580000)
  object space 1276416K, 99% used [0x0000000080000000,0x00000000cde06868,0x00000000cde80000)
 Metaspace       used 83718K, committed 85312K, reserved 1179648K
  class space    used 8170K, committed 8960K, reserved 1048576K
}
Event: 8901.406 GC heap after
{Heap after GC invocations=5128 (full 6):
 PSYoungGen      total 5120K, used 2560K [0x00000000d5580000, 0x00000000d6280000, 0x0000000100000000)
  eden space 2560K, 0% used [0x00000000d5580000,0x00000000d5580000,0x00000000d5800000)
  from space 2560K, 100% used [0x00000000d5800000,0x00000000d5a80000,0x00000000d5a80000)
  to   space 5120K, 0% used [0x00000000d5d80000,0x00000000d5d80000,0x00000000d6280000)
 ParOldGen       total 1278464K, used 1278018K [0x0000000080000000, 0x00000000ce080000, 0x00000000d5580000)
  object space 1278464K, 99% used [0x0000000080000000,0x00000000ce010868,0x00000000ce080000)
 Metaspace       used 83718K, committed 85312K, reserved 1179648K
  class space    used 8170K, committed 8960K, reserved 1048576K
}
Event: 8901.415 GC heap before
{Heap before GC invocations=5129 (full 6):
 PSYoungGen      total 5120K, used 5120K [0x00000000d5580000, 0x00000000d6280000, 0x0000000100000000)
  eden space 2560K, 100% used [0x00000000d5580000,0x00000000d5800000,0x00000000d5800000)
  from space 2560K, 100% used [0x00000000d5800000,0x00000000d5a80000,0x00000000d5a80000)
  to   space 5120K, 0% used [0x00000000d5d80000,0x00000000d5d80000,0x00000000d6280000)
 ParOldGen       total 1278464K, used 1278018K [0x0000000080000000, 0x00000000ce080000, 0x00000000d5580000)
  object space 1278464K, 99% used [0x0000000080000000,0x00000000ce010868,0x00000000ce080000)
 Metaspace       used 83718K, committed 85312K, reserved 1179648K
  class space    used 8170K, committed 8960K, reserved 1048576K
}
Event: 8901.420 GC heap after
{Heap after GC invocations=5129 (full 6):
 PSYoungGen      total 6144K, used 2688K [0x00000000d5580000, 0x00000000d6080000, 0x0000000100000000)
  eden space 3072K, 0% used [0x00000000d5580000,0x00000000d5580000,0x00000000d5880000)
  from space 3072K, 87% used [0x00000000d5d80000,0x00000000d6020000,0x00000000d6080000)
  to   space 3584K, 0% used [0x00000000d5980000,0x00000000d5980000,0x00000000d5d00000)
 ParOldGen       total 1281024K, used 1280570K [0x0000000080000000, 0x00000000ce300000, 0x00000000d5580000)
  object space 1281024K, 99% used [0x0000000080000000,0x00000000ce28e868,0x00000000ce300000)
 Metaspace       used 83718K, committed 85312K, reserved 1179648K
  class space    used 8170K, committed 8960K, reserved 1048576K
}
Event: 8901.438 GC heap before
{Heap before GC invocations=5130 (full 6):
 PSYoungGen      total 6144K, used 5760K [0x00000000d5580000, 0x00000000d6080000, 0x0000000100000000)
  eden space 3072K, 100% used [0x00000000d5580000,0x00000000d5880000,0x00000000d5880000)
  from space 3072K, 87% used [0x00000000d5d80000,0x00000000d6020000,0x00000000d6080000)
  to   space 3584K, 0% used [0x00000000d5980000,0x00000000d5980000,0x00000000d5d00000)
 ParOldGen       total 1281024K, used 1280570K [0x0000000080000000, 0x00000000ce300000, 0x00000000d5580000)
  object space 1281024K, 99% used [0x0000000080000000,0x00000000ce28e868,0x00000000ce300000)
 Metaspace       used 83718K, committed 85312K, reserved 1179648K
  class space    used 8170K, committed 8960K, reserved 1048576K
}
Event: 8901.442 GC heap after
{Heap after GC invocations=5130 (full 6):
 PSYoungGen      total 7168K, used 2784K [0x00000000d5580000, 0x00000000d5f80000, 0x0000000100000000)
  eden space 4096K, 0% used [0x00000000d5580000,0x00000000d5580000,0x00000000d5980000)
  from space 3072K, 90% used [0x00000000d5980000,0x00000000d5c38000,0x00000000d5c80000)
  to   space 3072K, 0% used [0x00000000d5c80000,0x00000000d5c80000,0x00000000d5f80000)
 ParOldGen       total 1283584K, used 1283154K [0x0000000080000000, 0x00000000ce580000, 0x00000000d5580000)
  object space 1283584K, 99% used [0x0000000080000000,0x00000000ce514868,0x00000000ce580000)
 Metaspace       used 83718K, committed 85312K, reserved 1179648K
  class space    used 8170K, committed 8960K, reserved 1048576K
}
Event: 8902.262 GC heap before
{Heap before GC invocations=5131 (full 6):
 PSYoungGen      total 7168K, used 6879K [0x00000000d5580000, 0x00000000d5f80000, 0x0000000100000000)
  eden space 4096K, 99% used [0x00000000d5580000,0x00000000d597fd08,0x00000000d5980000)
  from space 3072K, 90% used [0x00000000d5980000,0x00000000d5c38000,0x00000000d5c80000)
  to   space 3072K, 0% used [0x00000000d5c80000,0x00000000d5c80000,0x00000000d5f80000)
 ParOldGen       total 1283584K, used 1283154K [0x0000000080000000, 0x00000000ce580000, 0x00000000d5580000)
  object space 1283584K, 99% used [0x0000000080000000,0x00000000ce514868,0x00000000ce580000)
 Metaspace       used 83718K, committed 85312K, reserved 1179648K
  class space    used 8170K, committed 8960K, reserved 1048576K
}
Event: 8902.267 GC heap after
{Heap after GC invocations=5131 (full 6):
 PSYoungGen      total 7680K, used 2175K [0x00000000d5580000, 0x00000000d5f80000, 0x0000000100000000)
  eden space 4608K, 0% used [0x00000000d5580000,0x00000000d5580000,0x00000000d5a00000)
  from space 3072K, 70% used [0x00000000d5c80000,0x00000000d5e9ff20,0x00000000d5f80000)
  to   space 2560K, 0% used [0x00000000d5a00000,0x00000000d5a00000,0x00000000d5c80000)
 ParOldGen       total 1285632K, used 1285346K [0x0000000080000000, 0x00000000ce780000, 0x00000000d5580000)
  object space 1285632K, 99% used [0x0000000080000000,0x00000000ce738868,0x00000000ce780000)
 Metaspace       used 83718K, committed 85312K, reserved 1179648K
  class space    used 8170K, committed 8960K, reserved 1048576K
}

